<?xml version="1.0" encoding="UTF-8"?>
<testsuite xmlns:xsi="http://www.w3.org/2001/XMLSchema-instance" xsi:noNamespaceSchemaLocation="https://maven.apache.org/surefire/maven-surefire-plugin/xsd/surefire-test-report-3.0.xsd" version="3.0" name="mybatisTest" time="0.18" tests="1" errors="1" skipped="0" failures="0">
  <properties>
    <property name="java.specification.version" value="17"/>
    <property name="sun.jnu.encoding" value="UTF-8"/>
    <property name="java.class.path" value="/media/aether/资料/Work_sp/项目/raft/Easy-Java-Raft/easy-java-raft/tool/target/test-classes:/media/aether/资料/Work_sp/项目/raft/Easy-Java-Raft/easy-java-raft/tool/target/classes:/home/aether/.m2/repository/junit/junit/4.13.2/junit-4.13.2.jar:/home/aether/.m2/repository/org/hamcrest/hamcrest-core/1.3/hamcrest-core-1.3.jar:/home/aether/.m2/repository/org/slf4j/slf4j-api/1.7.25/slf4j-api-1.7.25.jar:/home/aether/.m2/repository/org/slf4j/slf4j-log4j12/1.7.21/slf4j-log4j12-1.7.21.jar:/home/aether/.m2/repository/log4j/log4j/1.2.17/log4j-1.2.17.jar:/home/aether/.m2/repository/com/alipay/sofa/bolt/1.6.7/bolt-1.6.7.jar:/home/aether/.m2/repository/io/netty/netty-all/4.1.42.Final/netty-all-4.1.42.Final.jar:/home/aether/.m2/repository/com/alipay/sofa/common/sofa-common-tools/1.0.12/sofa-common-tools-1.0.12.jar:/home/aether/.m2/repository/com/alipay/sofa/hessian/3.3.6/hessian-3.3.6.jar:/home/aether/.m2/repository/com/alibaba/fastjson/1.2.83/fastjson-1.2.83.jar:/home/aether/.m2/repository/org/projectlombok/lombok/1.18.30/lombok-1.18.30.jar:/home/aether/.m2/repository/redis/clients/jedis/5.1.5/jedis-5.1.5.jar:/home/aether/.m2/repository/org/apache/commons/commons-pool2/2.12.0/commons-pool2-2.12.0.jar:/home/aether/.m2/repository/org/json/json/20231013/json-20231013.jar:/home/aether/.m2/repository/com/google/code/gson/gson/2.10.1/gson-2.10.1.jar:/home/aether/.m2/repository/com/mysql/mysql-connector-j/8.0.33/mysql-connector-j-8.0.33.jar:/home/aether/.m2/repository/com/google/protobuf/protobuf-java/3.21.9/protobuf-java-3.21.9.jar:/home/aether/.m2/repository/org/mybatis/mybatis/3.5.16/mybatis-3.5.16.jar:/home/aether/.m2/repository/com/google/guava/guava/32.0.0-jre/guava-32.0.0-jre.jar:/home/aether/.m2/repository/com/google/guava/failureaccess/1.0.1/failureaccess-1.0.1.jar:/home/aether/.m2/repository/com/google/guava/listenablefuture/9999.0-empty-to-avoid-conflict-with-guava/listenablefuture-9999.0-empty-to-avoid-conflict-with-guava.jar:/home/aether/.m2/repository/com/google/code/findbugs/jsr305/3.0.2/jsr305-3.0.2.jar:/home/aether/.m2/repository/org/checkerframework/checker-qual/3.33.0/checker-qual-3.33.0.jar:/home/aether/.m2/repository/com/google/errorprone/error_prone_annotations/2.18.0/error_prone_annotations-2.18.0.jar:/home/aether/.m2/repository/com/google/j2objc/j2objc-annotations/2.8/j2objc-annotations-2.8.jar:"/>
    <property name="java.vm.vendor" value="Oracle Corporation"/>
    <property name="sun.arch.data.model" value="64"/>
    <property name="java.vendor.url" value="https://java.oracle.com/"/>
    <property name="os.name" value="Linux"/>
    <property name="java.vm.specification.version" value="17"/>
    <property name="sun.java.launcher" value="SUN_STANDARD"/>
    <property name="user.country" value="CN"/>
    <property name="sun.boot.library.path" value="/home/aether/Tool/java17/jdk-17.0.10/lib"/>
    <property name="sun.java.command" value="/media/aether/资料/Work_sp/项目/raft/Easy-Java-Raft/easy-java-raft/tool/target/surefire/surefirebooter-20241001223208864_3.jar /media/aether/资料/Work_sp/项目/raft/Easy-Java-Raft/easy-java-raft/tool/target/surefire 2024-10-01T22-32-08_813-jvmRun1 surefire-20241001223208864_1tmp surefire_0-20241001223208864_2tmp"/>
    <property name="jdk.debug" value="release"/>
    <property name="test" value="mybatisTest"/>
    <property name="surefire.test.class.path" value="/media/aether/资料/Work_sp/项目/raft/Easy-Java-Raft/easy-java-raft/tool/target/test-classes:/media/aether/资料/Work_sp/项目/raft/Easy-Java-Raft/easy-java-raft/tool/target/classes:/home/aether/.m2/repository/junit/junit/4.13.2/junit-4.13.2.jar:/home/aether/.m2/repository/org/hamcrest/hamcrest-core/1.3/hamcrest-core-1.3.jar:/home/aether/.m2/repository/org/slf4j/slf4j-api/1.7.25/slf4j-api-1.7.25.jar:/home/aether/.m2/repository/org/slf4j/slf4j-log4j12/1.7.21/slf4j-log4j12-1.7.21.jar:/home/aether/.m2/repository/log4j/log4j/1.2.17/log4j-1.2.17.jar:/home/aether/.m2/repository/com/alipay/sofa/bolt/1.6.7/bolt-1.6.7.jar:/home/aether/.m2/repository/io/netty/netty-all/4.1.42.Final/netty-all-4.1.42.Final.jar:/home/aether/.m2/repository/com/alipay/sofa/common/sofa-common-tools/1.0.12/sofa-common-tools-1.0.12.jar:/home/aether/.m2/repository/com/alipay/sofa/hessian/3.3.6/hessian-3.3.6.jar:/home/aether/.m2/repository/com/alibaba/fastjson/1.2.83/fastjson-1.2.83.jar:/home/aether/.m2/repository/org/projectlombok/lombok/1.18.30/lombok-1.18.30.jar:/home/aether/.m2/repository/redis/clients/jedis/5.1.5/jedis-5.1.5.jar:/home/aether/.m2/repository/org/apache/commons/commons-pool2/2.12.0/commons-pool2-2.12.0.jar:/home/aether/.m2/repository/org/json/json/20231013/json-20231013.jar:/home/aether/.m2/repository/com/google/code/gson/gson/2.10.1/gson-2.10.1.jar:/home/aether/.m2/repository/com/mysql/mysql-connector-j/8.0.33/mysql-connector-j-8.0.33.jar:/home/aether/.m2/repository/com/google/protobuf/protobuf-java/3.21.9/protobuf-java-3.21.9.jar:/home/aether/.m2/repository/org/mybatis/mybatis/3.5.16/mybatis-3.5.16.jar:/home/aether/.m2/repository/com/google/guava/guava/32.0.0-jre/guava-32.0.0-jre.jar:/home/aether/.m2/repository/com/google/guava/failureaccess/1.0.1/failureaccess-1.0.1.jar:/home/aether/.m2/repository/com/google/guava/listenablefuture/9999.0-empty-to-avoid-conflict-with-guava/listenablefuture-9999.0-empty-to-avoid-conflict-with-guava.jar:/home/aether/.m2/repository/com/google/code/findbugs/jsr305/3.0.2/jsr305-3.0.2.jar:/home/aether/.m2/repository/org/checkerframework/checker-qual/3.33.0/checker-qual-3.33.0.jar:/home/aether/.m2/repository/com/google/errorprone/error_prone_annotations/2.18.0/error_prone_annotations-2.18.0.jar:/home/aether/.m2/repository/com/google/j2objc/j2objc-annotations/2.8/j2objc-annotations-2.8.jar:"/>
    <property name="sun.cpu.endian" value="little"/>
    <property name="user.home" value="/home/aether"/>
    <property name="user.language" value="zh"/>
    <property name="java.specification.vendor" value="Oracle Corporation"/>
    <property name="java.version.date" value="2024-01-16"/>
    <property name="java.home" value="/home/aether/Tool/java17/jdk-17.0.10"/>
    <property name="file.separator" value="/"/>
    <property name="basedir" value="/media/aether/资料/Work_sp/项目/raft/Easy-Java-Raft/easy-java-raft/tool"/>
    <property name="java.vm.compressedOopsMode" value="Zero based"/>
    <property name="line.separator" value="&#10;"/>
    <property name="java.vm.specification.vendor" value="Oracle Corporation"/>
    <property name="java.specification.name" value="Java Platform API Specification"/>
    <property name="surefire.real.class.path" value="/media/aether/资料/Work_sp/项目/raft/Easy-Java-Raft/easy-java-raft/tool/target/surefire/surefirebooter-20241001223208864_3.jar"/>
    <property name="sun.management.compiler" value="HotSpot 64-Bit Tiered Compilers"/>
    <property name="java.runtime.version" value="17.0.10+11-LTS-240"/>
    <property name="user.name" value="aether"/>
    <property name="path.separator" value=":"/>
    <property name="os.version" value="6.8.0-45-generic"/>
    <property name="java.runtime.name" value="Java(TM) SE Runtime Environment"/>
    <property name="file.encoding" value="UTF-8"/>
    <property name="java.vm.name" value="Java HotSpot(TM) 64-Bit Server VM"/>
    <property name="maven.ext.class.path" value="/home/aether/.vscode/extensions/oracle.oracle-java-22.1.2/nbcode/java/maven-nblib/netbeans-eventspy.jar"/>
    <property name="localRepository" value="/home/aether/.m2/repository"/>
    <property name="java.vendor.url.bug" value="https://bugreport.java.com/bugreport/"/>
    <property name="java.io.tmpdir" value="/tmp"/>
    <property name="java.version" value="17.0.10"/>
    <property name="user.dir" value="/media/aether/资料/Work_sp/项目/raft/Easy-Java-Raft/easy-java-raft/tool"/>
    <property name="os.arch" value="amd64"/>
    <property name="java.vm.specification.name" value="Java Virtual Machine Specification"/>
    <property name="native.encoding" value="UTF-8"/>
    <property name="java.library.path" value="/home/aether/Ascend/ascend-toolkit/latest/acllib/lib64:/home/aether/Ascend/ascend-toolkit/latest/x86_64-linux/devlib/:/home/aether/Ascend/ascend-toolkit/latest/tools/aml/lib64:/home/aether/Ascend/ascend-toolkit/latest/tools/aml/lib64/plugin:/home/aether/Ascend/ascend-toolkit/latest/lib64:/home/aether/Ascend/ascend-toolkit/latest/lib64/plugin/opskernel:/home/aether/Ascend/ascend-toolkit/latest/lib64/plugin/nnengine:/home/aether/Ascend/ascend-toolkit/latest/opp/built-in/op_impl/ai_core/tbe/op_tiling/lib/linux/x86_64::/usr/local/cuda/lib64:/usr/local/llvm/lib:/usr/java/packages/lib:/usr/lib64:/lib64:/lib:/usr/lib"/>
    <property name="java.vm.info" value="mixed mode, sharing"/>
    <property name="java.vendor" value="Oracle Corporation"/>
    <property name="java.vm.version" value="17.0.10+11-LTS-240"/>
    <property name="sun.io.unicode.encoding" value="UnicodeLittle"/>
    <property name="java.class.version" value="61.0"/>
  </properties>
  <testcase name="testConnection" classname="mybatisTest" time="0.14">
    <error message="Type interface cn.wjc.tool.database.mapper.TestMapper is not known to the MapperRegistry." type="org.apache.ibatis.binding.BindingException"><![CDATA[org.apache.ibatis.binding.BindingException: Type interface cn.wjc.tool.database.mapper.TestMapper is not known to the MapperRegistry.
	at org.apache.ibatis.binding.MapperRegistry.getMapper(MapperRegistry.java:47)
	at org.apache.ibatis.session.Configuration.getMapper(Configuration.java:940)
	at org.apache.ibatis.session.defaults.DefaultSqlSession.getMapper(DefaultSqlSession.java:291)
	at mybatisTest.testConnection(mybatisTest.java:37)
	at java.base/jdk.internal.reflect.NativeMethodAccessorImpl.invoke0(Native Method)
	at java.base/jdk.internal.reflect.NativeMethodAccessorImpl.invoke(NativeMethodAccessorImpl.java:77)
	at java.base/jdk.internal.reflect.DelegatingMethodAccessorImpl.invoke(DelegatingMethodAccessorImpl.java:43)
	at java.base/java.lang.reflect.Method.invoke(Method.java:568)
	at org.junit.runners.model.FrameworkMethod$1.runReflectiveCall(FrameworkMethod.java:59)
	at org.junit.internal.runners.model.ReflectiveCallable.run(ReflectiveCallable.java:12)
	at org.junit.runners.model.FrameworkMethod.invokeExplosively(FrameworkMethod.java:56)
	at org.junit.internal.runners.statements.InvokeMethod.evaluate(InvokeMethod.java:17)
	at org.junit.runners.ParentRunner$3.evaluate(ParentRunner.java:306)
	at org.junit.runners.BlockJUnit4ClassRunner$1.evaluate(BlockJUnit4ClassRunner.java:100)
	at org.junit.runners.ParentRunner.runLeaf(ParentRunner.java:366)
	at org.junit.runners.BlockJUnit4ClassRunner.runChild(BlockJUnit4ClassRunner.java:103)
	at org.junit.runners.BlockJUnit4ClassRunner.runChild(BlockJUnit4ClassRunner.java:63)
	at org.junit.runners.ParentRunner$4.run(ParentRunner.java:331)
	at org.junit.runners.ParentRunner$1.schedule(ParentRunner.java:79)
	at org.junit.runners.ParentRunner.runChildren(ParentRunner.java:329)
	at org.junit.runners.ParentRunner.access$100(ParentRunner.java:66)
	at org.junit.runners.ParentRunner$2.evaluate(ParentRunner.java:293)
	at org.junit.runners.ParentRunner$3.evaluate(ParentRunner.java:306)
	at org.junit.runners.ParentRunner.run(ParentRunner.java:413)
	at org.apache.maven.surefire.junit4.JUnit4Provider.execute(JUnit4Provider.java:316)
	at org.apache.maven.surefire.junit4.JUnit4Provider.executeWithRerun(JUnit4Provider.java:240)
	at org.apache.maven.surefire.junit4.JUnit4Provider.executeTestSet(JUnit4Provider.java:214)
	at org.apache.maven.surefire.junit4.JUnit4Provider.invoke(JUnit4Provider.java:155)
	at org.apache.maven.surefire.booter.ForkedBooter.runSuitesInProcess(ForkedBooter.java:385)
	at org.apache.maven.surefire.booter.ForkedBooter.execute(ForkedBooter.java:162)
	at org.apache.maven.surefire.booter.ForkedBooter.run(ForkedBooter.java:507)
	at org.apache.maven.surefire.booter.ForkedBooter.main(ForkedBooter.java:495)
]]></error>
    <system-out><![CDATA[DEBUG [main] - Logging initialized using 'class org.apache.ibatis.logging.slf4j.Slf4jImpl' adapter.
DEBUG [main] - PooledDataSource forcefully closed/removed all connections.
DEBUG [main] - PooledDataSource forcefully closed/removed all connections.
DEBUG [main] - PooledDataSource forcefully closed/removed all connections.
DEBUG [main] - PooledDataSource forcefully closed/removed all connections.
DEBUG [main] - Class not found: org.jboss.vfs.VFS
DEBUG [main] - JBoss 6 VFS API is not available in this environment.
DEBUG [main] - Class not found: org.jboss.vfs.VirtualFile
DEBUG [main] - VFS implementation org.apache.ibatis.io.JBoss6VFS is not valid in this environment.
DEBUG [main] - Using VFS adapter org.apache.ibatis.io.DefaultVFS
MyBatis connected to the database successfully!
]]></system-out>
  </testcase>
</testsuite>